<?xml version="1.0" encoding="UTF-8"?>
<testsuite xmlns:xsi="http://www.w3.org/2001/XMLSchema-instance" xsi:noNamespaceSchemaLocation="https://maven.apache.org/surefire/maven-surefire-plugin/xsd/surefire-test-report-3.0.xsd" version="3.0" name="GrilleTest" time="0.211" tests="21" errors="0" skipped="0" failures="0">
  <properties>
    <property name="java.specification.version" value="17"/>
    <property name="sun.jnu.encoding" value="UTF-8"/>
    <property name="java.class.path" value="/home/debian/Bureau/master/ISI05/isi05-2024-2025-M/target/test-classes:/home/debian/Bureau/master/ISI05/isi05-2024-2025-M/target/classes:/home/debian/.m2/repository/org/junit/jupiter/junit-jupiter-engine/5.10.0/junit-jupiter-engine-5.10.0.jar:/home/debian/.m2/repository/org/junit/platform/junit-platform-engine/1.10.0/junit-platform-engine-1.10.0.jar:/home/debian/.m2/repository/org/opentest4j/opentest4j/1.3.0/opentest4j-1.3.0.jar:/home/debian/.m2/repository/org/junit/platform/junit-platform-commons/1.10.0/junit-platform-commons-1.10.0.jar:/home/debian/.m2/repository/org/junit/jupiter/junit-jupiter-api/5.10.0/junit-jupiter-api-5.10.0.jar:/home/debian/.m2/repository/org/apiguardian/apiguardian-api/1.1.2/apiguardian-api-1.1.2.jar:/home/debian/Bureau/master/ISI05/isi05-2024-2025-M/lib/sudokulib-1.0-SNAPSHOT.jar:"/>
    <property name="java.vm.vendor" value="Debian"/>
    <property name="sun.arch.data.model" value="64"/>
    <property name="java.vendor.url" value="https://tracker.debian.org/openjdk-17"/>
    <property name="os.name" value="Linux"/>
    <property name="java.vm.specification.version" value="17"/>
    <property name="sun.java.launcher" value="SUN_STANDARD"/>
    <property name="user.country" value="FR"/>
    <property name="sun.boot.library.path" value="/usr/lib/jvm/java-17-openjdk-amd64/lib"/>
    <property name="sun.java.command" value="/home/debian/Bureau/master/ISI05/isi05-2024-2025-M/target/surefire/surefirebooter-20250126234153737_3.jar /home/debian/Bureau/master/ISI05/isi05-2024-2025-M/target/surefire 2025-01-26T23-41-53_582-jvmRun1 surefire-20250126234153737_1tmp surefire_0-20250126234153737_2tmp"/>
    <property name="jdk.debug" value="release"/>
    <property name="surefire.test.class.path" value="/home/debian/Bureau/master/ISI05/isi05-2024-2025-M/target/test-classes:/home/debian/Bureau/master/ISI05/isi05-2024-2025-M/target/classes:/home/debian/.m2/repository/org/junit/jupiter/junit-jupiter-engine/5.10.0/junit-jupiter-engine-5.10.0.jar:/home/debian/.m2/repository/org/junit/platform/junit-platform-engine/1.10.0/junit-platform-engine-1.10.0.jar:/home/debian/.m2/repository/org/opentest4j/opentest4j/1.3.0/opentest4j-1.3.0.jar:/home/debian/.m2/repository/org/junit/platform/junit-platform-commons/1.10.0/junit-platform-commons-1.10.0.jar:/home/debian/.m2/repository/org/junit/jupiter/junit-jupiter-api/5.10.0/junit-jupiter-api-5.10.0.jar:/home/debian/.m2/repository/org/apiguardian/apiguardian-api/1.1.2/apiguardian-api-1.1.2.jar:/home/debian/Bureau/master/ISI05/isi05-2024-2025-M/lib/sudokulib-1.0-SNAPSHOT.jar:"/>
    <property name="sun.cpu.endian" value="little"/>
    <property name="user.home" value="/home/debian"/>
    <property name="user.language" value="fr"/>
    <property name="java.specification.vendor" value="Oracle Corporation"/>
    <property name="java.version.date" value="2024-07-16"/>
    <property name="java.home" value="/usr/lib/jvm/java-17-openjdk-amd64"/>
    <property name="file.separator" value="/"/>
    <property name="basedir" value="/home/debian/Bureau/master/ISI05/isi05-2024-2025-M"/>
    <property name="java.vm.compressedOopsMode" value="32-bit"/>
    <property name="line.separator" value="&#10;"/>
    <property name="java.vm.specification.vendor" value="Oracle Corporation"/>
    <property name="java.specification.name" value="Java Platform API Specification"/>
    <property name="surefire.real.class.path" value="/home/debian/Bureau/master/ISI05/isi05-2024-2025-M/target/surefire/surefirebooter-20250126234153737_3.jar"/>
    <property name="sun.management.compiler" value="HotSpot 64-Bit Tiered Compilers"/>
    <property name="java.runtime.version" value="17.0.12+7-Debian-2deb11u1"/>
    <property name="user.name" value="debian"/>
    <property name="path.separator" value=":"/>
    <property name="os.version" value="5.10.0-11-amd64"/>
    <property name="java.runtime.name" value="OpenJDK Runtime Environment"/>
    <property name="file.encoding" value="UTF-8"/>
    <property name="java.vm.name" value="OpenJDK 64-Bit Server VM"/>
    <property name="localRepository" value="/home/debian/.m2/repository"/>
    <property name="java.vendor.url.bug" value="https://bugs.debian.org/openjdk-17"/>
    <property name="java.io.tmpdir" value="/tmp"/>
    <property name="java.version" value="17.0.12"/>
    <property name="user.dir" value="/home/debian/Bureau/master/ISI05/isi05-2024-2025-M"/>
    <property name="os.arch" value="amd64"/>
    <property name="java.vm.specification.name" value="Java Virtual Machine Specification"/>
    <property name="native.encoding" value="UTF-8"/>
    <property name="java.library.path" value="/usr/java/packages/lib:/usr/lib/x86_64-linux-gnu/jni:/lib/x86_64-linux-gnu:/usr/lib/x86_64-linux-gnu:/usr/lib/jni:/lib:/usr/lib"/>
    <property name="java.vm.info" value="mixed mode, sharing"/>
    <property name="java.vendor" value="Debian"/>
    <property name="java.vm.version" value="17.0.12+7-Debian-2deb11u1"/>
    <property name="sun.io.unicode.encoding" value="UnicodeLittle"/>
    <property name="java.class.version" value="61.0"/>
  </properties>
  <testcase name="testGetDimensionAndElementsFromResource4x4" classname="GrilleTest" time="0.013"/>
  <testcase name="testGetDimensionAndElementsFromResource9x9" classname="GrilleTest" time="0.002"/>
  <testcase name="testisPossibleHorsBornes" classname="GrilleTest" time="0.03"/>
  <testcase name="testIsComplete" classname="GrilleTest" time="0.004"/>
  <testcase name="testisPossibleElementInterdit" classname="GrilleTest" time="0.005"/>
  <testcase name="testGetValueCorrecteFromRessource4x4" classname="GrilleTest" time="0.002"/>
  <testcase name="setValueElementInterdit" classname="GrilleTest" time="0.003"/>
  <testcase name="testGetValueHorsBornes4x4" classname="GrilleTest" time="0.003"/>
  <testcase name="testGetValueHorsBornes9x9" classname="GrilleTest" time="0.002"/>
  <testcase name="testDimensionGrille4x4" classname="GrilleTest" time="0.002"/>
  <testcase name="testIsPossible" classname="GrilleTest" time="0.003"/>
  <testcase name="testIsCompleteGrilleVide" classname="GrilleTest" time="0.055"/>
  <testcase name="testConstructionGrilleIncorrecte" classname="GrilleTest" time="0.006"/>
  <testcase name="testSetAndGetValue" classname="GrilleTest" time="0.008"/>
  <testcase name="setValueDejaExistante" classname="GrilleTest" time="0.005"/>
  <testcase name="testIsCompleteGrillePartiellementComplete" classname="GrilleTest" time="0.009"/>
  <testcase name="setValueInitiale" classname="GrilleTest" time="0.004"/>
  <testcase name="testGetValueCaseVide4x4" classname="GrilleTest" time="0.002"/>
  <testcase name="testGetValueCaseVide9x9" classname="GrilleTest" time="0.003"/>
  <testcase name="setValueHorsBornes" classname="GrilleTest" time="0.003"/>
  <testcase name="testIsPossibleValeurInitial" classname="GrilleTest" time="0.003"/>
</testsuite>